<?xml version="1.0" encoding="UTF-8"?>
<!-- Generated by org.testng.reporters.JUnitXMLReporter -->
<testsuite hostname="DESKTOP-PPDLLU4" ignored="0" name="TestRunner-2" tests="2" failures="0" timestamp="21 Jan 2022 18:24:12 GMT" time="66.211" errors="0">
  <testcase name="CreateOrganizationwithIndustry" time="16.336" classname="TESTNGPRACTICE.CreateOrganizationTest"/>
  <testcase name="Createorg" time="17.161" classname="TESTNGPRACTICE.CreateOrganizationTest"/>
</testsuite> <!-- TestRunner-2 -->
