<?xml version="1.0" encoding="UTF-8"?>
<!-- Generated by org.testng.reporters.JUnitXMLReporter -->
<testsuite hostname="DESKTOP-PPDLLU4" ignored="2" name="Testrun-chrome" tests="4" failures="0" timestamp="21 Jan 2022 18:08:03 GMT" time="302.311" errors="0">
  <testcase name="Createcontact" time="77.826" classname="TESTNGPRACTICE.CreatecontactTestng"/>
  <testcase name="createContactorg" time="54.627" classname="TESTNGPRACTICE.CreatecontactTestng"/>
  <testcase name="CreateOrganizationwithIndustry" time="22.125" classname="TESTNGPRACTICE.CreateOrganizationTest"/>
  <testcase name="Createorg" time="13.976" classname="TESTNGPRACTICE.CreateOrganizationTest"/>
  <testcase name="@AfterSuite ConfigAs" time="0.0" classname="comm.crm.Genericlibary.BaseClass">
    <ignored/>
  </testcase> <!-- @AfterSuite ConfigAs -->
  <testcase name="@BeforeSuite ConfigBS" time="0.0" classname="comm.crm.Genericlibary.BaseClass">
    <ignored/>
  </testcase> <!-- @BeforeSuite ConfigBS -->
</testsuite> <!-- Testrun-chrome -->
